<?xml version="1.0" encoding="UTF-8"?>
<!-- Generated by org.testng.reporters.JUnitReportReporter -->
<testsuite skipped="0" hostname="ip-172-31-25-0" name="com.annotations.TestAnnotations3" tests="2" failures="0" timestamp="2020-06-06T17:52:47 UTC" time="0.006" errors="0">
  <testcase name="Test1" time="0.002" classname="com.annotations.TestAnnotations3"/>
  <testcase name="Test2" time="0.004" classname="com.annotations.TestAnnotations3"/>
</testsuite> <!-- com.annotations.TestAnnotations3 -->
