<?xml version="1.0" encoding="UTF-8"?>
<!-- Generated by org.testng.reporters.JUnitReportReporter -->
<testsuite skipped="0" hostname="ip-172-31-25-0" name="com.annotations.TestAnnotations" tests="3" failures="0" timestamp="2020-06-09T02:26:06 UTC" time="0.006" errors="0">
  <testcase name="Login" time="0.002" classname="com.annotations.TestAnnotations"/>
  <testcase name="AccountEnquiry" time="0.002" classname="com.annotations.TestAnnotations"/>
  <testcase name="FundTransfer" time="0.002" classname="com.annotations.TestAnnotations"/>
</testsuite> <!-- com.annotations.TestAnnotations -->
