<?xml version="1.0" encoding="UTF-8"?>
<!-- Generated by org.testng.reporters.JUnitReportReporter -->
<testsuite skipped="0" hostname="ip-172-31-25-0" name="com.testannotations.TestAnnotations" tests="2" failures="0" timestamp="2020-06-09T02:26:06 UTC" time="0.015" errors="0">
  <testcase name="Test2" time="0.006" classname="com.testannotations.TestAnnotations"/>
  <testcase name="Test1" time="0.009" classname="com.testannotations.TestAnnotations"/>
</testsuite> <!-- com.testannotations.TestAnnotations -->
